# JRE version: OpenJDK Runtime Environment (8.0_212-b04) (build 1.8.0_212-release-1586-b04)
# Java VM: OpenJDK 64-Bit Server VM (25.212-b04 mixed mode windows-amd64 compressed oops)
Heap:
 PSYoungGen      total 473088K, used 7476K [0x00000000e0000000, 0x00000000ffb00000, 0x0000000100000000)
  eden space 427008K, 0% used [0x00000000e0000000,0x00000000e0000000,0x00000000fa100000)
  from space 46080K, 16% used [0x00000000fce00000,0x00000000fd54d158,0x00000000ffb00000)
  to   space 17408K, 0% used [0x00000000fa100000,0x00000000fa100000,0x00000000fb200000)
 ParOldGen       total 291840K, used 160139K [0x00000000a0000000, 0x00000000b1d00000, 0x00000000e0000000)
  object space 291840K, 54% used [0x00000000a0000000,0x00000000a9c62e40,0x00000000b1d00000)
 Metaspace       used 107470K, capacity 112856K, committed 112896K, reserved 1150976K
  class space    used 13951K, capacity 15086K, committed 15104K, reserved 1048576K
GC Heap History (10 events):
Event: 407.564 GC heap after
Heap after GC invocations=20 (full 4):
 PSYoungGen      total 447488K, used 23413K [0x00000000e0000000, 0x00000000fe180000, 0x0000000100000000)
  eden space 414208K, 0% used [0x00000000e0000000,0x00000000e0000000,0x00000000f9480000)
  from space 33280K, 70% used [0x00000000fc100000,0x00000000fd7dd620,0x00000000fe180000)
  to   space 39424K, 0% used [0x00000000f9480000,0x00000000f9480000,0x00000000fbb00000)
 ParOldGen       total 291840K, used 87024K [0x00000000a0000000, 0x00000000b1d00000, 0x00000000e0000000)
  object space 291840K, 29% used [0x00000000a0000000,0x00000000a54fc220,0x00000000b1d00000)
 Metaspace       used 104467K, capacity 109744K, committed 110080K, reserved 1144832K
  class space    used 13626K, capacity 14748K, committed 14848K, reserved 1048576K
}
Event: 408.023 GC heap before
{Heap before GC invocations=21 (full 4):
 PSYoungGen      total 447488K, used 437621K [0x00000000e0000000, 0x00000000fe180000, 0x0000000100000000)
  eden space 414208K, 100% used [0x00000000e0000000,0x00000000f9480000,0x00000000f9480000)
  from space 33280K, 70% used [0x00000000fc100000,0x00000000fd7dd620,0x00000000fe180000)
  to   space 39424K, 0% used [0x00000000f9480000,0x00000000f9480000,0x00000000fbb00000)
 ParOldGen       total 291840K, used 87024K [0x00000000a0000000, 0x00000000b1d00000, 0x00000000e0000000)
  object space 291840K, 29% used [0x00000000a0000000,0x00000000a54fc220,0x00000000b1d00000)
 Metaspace       used 104499K, capacity 109744K, committed 110080K, reserved 1144832K
  class space    used 13627K, capacity 14748K, committed 14848K, reserved 1048576K
Event: 408.060 GC heap after
Heap after GC invocations=21 (full 4):
 PSYoungGen      total 453632K, used 39412K [0x00000000e0000000, 0x0000000100000000, 0x0000000100000000)
  eden space 414208K, 0% used [0x00000000e0000000,0x00000000e0000000,0x00000000f9480000)
  from space 39424K, 99% used [0x00000000f9480000,0x00000000fbafd0c0,0x00000000fbb00000)
  to   space 49152K, 0% used [0x00000000fd000000,0x00000000fd000000,0x0000000100000000)
 ParOldGen       total 291840K, used 96972K [0x00000000a0000000, 0x00000000b1d00000, 0x00000000e0000000)
  object space 291840K, 33% used [0x00000000a0000000,0x00000000a5eb31a0,0x00000000b1d00000)
 Metaspace       used 104499K, capacity 109744K, committed 110080K, reserved 1144832K
  class space    used 13627K, capacity 14748K, committed 14848K, reserved 1048576K
}
Event: 408.367 GC heap before
{Heap before GC invocations=22 (full 4):
 PSYoungGen      total 453632K, used 453620K [0x00000000e0000000, 0x0000000100000000, 0x0000000100000000)
  eden space 414208K, 100% used [0x00000000e0000000,0x00000000f9480000,0x00000000f9480000)
  from space 39424K, 99% used [0x00000000f9480000,0x00000000fbafd0c0,0x00000000fbb00000)
  to   space 49152K, 0% used [0x00000000fd000000,0x00000000fd000000,0x0000000100000000)
 ParOldGen       total 291840K, used 101060K [0x00000000a0000000, 0x00000000b1d00000, 0x00000000e0000000)
  object space 291840K, 34% used [0x00000000a0000000,0x00000000a62b1068,0x00000000b1d00000)
 Metaspace       used 104512K, capacity 109820K, committed 110080K, reserved 1144832K
  class space    used 13628K, capacity 14750K, committed 14848K, reserved 1048576K
Event: 408.407 GC heap after
Heap after GC invocations=22 (full 4):
 PSYoungGen      total 476160K, used 24377K [0x00000000e0000000, 0x0000000100000000, 0x0000000100000000)
  eden space 427008K, 0% used [0x00000000e0000000,0x00000000e0000000,0x00000000fa100000)
  from space 49152K, 49% used [0x00000000fd000000,0x00000000fe7ce460,0x0000000100000000)
  to   space 48128K, 0% used [0x00000000fa100000,0x00000000fa100000,0x00000000fd000000)
 ParOldGen       total 291840K, used 131534K [0x00000000a0000000, 0x00000000b1d00000, 0x00000000e0000000)
  object space 291840K, 45% used [0x00000000a0000000,0x00000000a80738b0,0x00000000b1d00000)
 Metaspace       used 104512K, capacity 109820K, committed 110080K, reserved 1144832K
  class space    used 13628K, capacity 14750K, committed 14848K, reserved 1048576K
}
Event: 409.522 GC heap before
{Heap before GC invocations=23 (full 4):
 PSYoungGen      total 476160K, used 451385K [0x00000000e0000000, 0x0000000100000000, 0x0000000100000000)
  eden space 427008K, 100% used [0x00000000e0000000,0x00000000fa100000,0x00000000fa100000)
  from space 49152K, 49% used [0x00000000fd000000,0x00000000fe7ce460,0x0000000100000000)
  to   space 48128K, 0% used [0x00000000fa100000,0x00000000fa100000,0x00000000fd000000)
 ParOldGen       total 291840K, used 131552K [0x00000000a0000000, 0x00000000b1d00000, 0x00000000e0000000)
  object space 291840K, 45% used [0x00000000a0000000,0x00000000a8078070,0x00000000b1d00000)
 Metaspace       used 105376K, capacity 110710K, committed 110976K, reserved 1144832K
  class space    used 13733K, capacity 14849K, committed 14976K, reserved 1048576K
Event: 409.547 GC heap after
Heap after GC invocations=23 (full 4):
 PSYoungGen      total 444416K, used 16897K [0x00000000e0000000, 0x00000000ffb00000, 0x0000000100000000)
  eden space 427008K, 0% used [0x00000000e0000000,0x00000000e0000000,0x00000000fa100000)
  from space 17408K, 97% used [0x00000000fa100000,0x00000000fb180678,0x00000000fb200000)
  to   space 46080K, 0% used [0x00000000fce00000,0x00000000fce00000,0x00000000ffb00000)
 ParOldGen       total 291840K, used 144352K [0x00000000a0000000, 0x00000000b1d00000, 0x00000000e0000000)
  object space 291840K, 49% used [0x00000000a0000000,0x00000000a8cf81c0,0x00000000b1d00000)
 Metaspace       used 105376K, capacity 110710K, committed 110976K, reserved 1144832K
  class space    used 13733K, capacity 14849K, committed 14976K, reserved 1048576K
}
Event: 415.133 GC heap before
{Heap before GC invocations=24 (full 4):
 PSYoungGen      total 444416K, used 262370K [0x00000000e0000000, 0x00000000ffb00000, 0x0000000100000000)
  eden space 427008K, 57% used [0x00000000e0000000,0x00000000eefb82a0,0x00000000fa100000)
  from space 17408K, 97% used [0x00000000fa100000,0x00000000fb180678,0x00000000fb200000)
  to   space 46080K, 0% used [0x00000000fce00000,0x00000000fce00000,0x00000000ffb00000)
 ParOldGen       total 291840K, used 144352K [0x00000000a0000000, 0x00000000b1d00000, 0x00000000e0000000)
  object space 291840K, 49% used [0x00000000a0000000,0x00000000a8cf81c0,0x00000000b1d00000)
 Metaspace       used 107470K, capacity 112856K, committed 112896K, reserved 1150976K
  class space    used 13951K, capacity 15086K, committed 15104K, reserved 1048576K
Event: 415.156 GC heap after
Heap after GC invocations=24 (full 4):
 PSYoungGen      total 473088K, used 7476K [0x00000000e0000000, 0x00000000ffb00000, 0x0000000100000000)
  eden space 427008K, 0% used [0x00000000e0000000,0x00000000e0000000,0x00000000fa100000)
  from space 46080K, 16% used [0x00000000fce00000,0x00000000fd54d158,0x00000000ffb00000)
  to   space 17408K, 0% used [0x00000000fa100000,0x00000000fa100000,0x00000000fb200000)
 ParOldGen       total 291840K, used 160139K [0x00000000a0000000, 0x00000000b1d00000, 0x00000000e0000000)
  object space 291840K, 54% used [0x00000000a0000000,0x00000000a9c62e40,0x00000000b1d00000)
 Metaspace       used 107470K, capacity 112856K, committed 112896K, reserved 1150976K
  class space    used 13951K, capacity 15086K, committed 15104K, reserved 1048576K
}
Event: 415.156 GC heap before
{Heap before GC invocations=25 (full 5):
 PSYoungGen      total 473088K, used 7476K [0x00000000e0000000, 0x00000000ffb00000, 0x0000000100000000)
  eden space 427008K, 0% used [0x00000000e0000000,0x00000000e0000000,0x00000000fa100000)
  from space 46080K, 16% used [0x00000000fce00000,0x00000000fd54d158,0x00000000ffb00000)
  to   space 17408K, 0% used [0x00000000fa100000,0x00000000fa100000,0x00000000fb200000)
 ParOldGen       total 291840K, used 160139K [0x00000000a0000000, 0x00000000b1d00000, 0x00000000e0000000)
  object space 291840K, 54% used [0x00000000a0000000,0x00000000a9c62e40,0x00000000b1d00000)
 Metaspace       used 107470K, capacity 112856K, committed 112896K, reserved 1150976K
  class space    used 13951K, capacity 15086K, committed 15104K, reserved 1048576K

