# JRE version: OpenJDK Runtime Environment (8.0_212-b04) (build 1.8.0_212-release-1586-b04)
# Java VM: OpenJDK 64-Bit Server VM (25.212-b04 mixed mode windows-amd64 compressed oops)
Heap:
 PSYoungGen      total 153088K, used 108240K [0x00000000e0000000, 0x00000000eaa80000, 0x0000000100000000)
  eden space 131584K, 82% used [0x00000000e0000000,0x00000000e69b4170,0x00000000e8080000)
  from space 21504K, 0% used [0x00000000e9580000,0x00000000e9580000,0x00000000eaa80000)
  to   space 21504K, 0% used [0x00000000e8080000,0x00000000e8080000,0x00000000e9580000)
 ParOldGen       total 186880K, used 14594K [0x00000000a0000000, 0x00000000ab680000, 0x00000000e0000000)
  object space 186880K, 7% used [0x00000000a0000000,0x00000000a0e409c8,0x00000000ab680000)
 Metaspace       used 30323K, capacity 30896K, committed 31104K, reserved 1075200K
  class space    used 4196K, capacity 4393K, committed 4480K, reserved 1048576K
GC Heap History (6 events):
Event: 7.706 GC heap before
{Heap before GC invocations=1 (full 0):
 PSYoungGen      total 153088K, used 131584K [0x00000000e0000000, 0x00000000eaa80000, 0x0000000100000000)
  eden space 131584K, 100% used [0x00000000e0000000,0x00000000e8080000,0x00000000e8080000)
  from space 21504K, 0% used [0x00000000e9580000,0x00000000e9580000,0x00000000eaa80000)
  to   space 21504K, 0% used [0x00000000e8080000,0x00000000e8080000,0x00000000e9580000)
 ParOldGen       total 349696K, used 0K [0x00000000a0000000, 0x00000000b5580000, 0x00000000e0000000)
  object space 349696K, 0% used [0x00000000a0000000,0x00000000a0000000,0x00000000b5580000)
 Metaspace       used 12907K, capacity 13306K, committed 13440K, reserved 1060864K
  class space    used 1761K, capacity 1899K, committed 1920K, reserved 1048576K
Event: 7.723 GC heap after
Heap after GC invocations=1 (full 0):
 PSYoungGen      total 153088K, used 10489K [0x00000000e0000000, 0x00000000eaa80000, 0x0000000100000000)
  eden space 131584K, 0% used [0x00000000e0000000,0x00000000e0000000,0x00000000e8080000)
  from space 21504K, 48% used [0x00000000e8080000,0x00000000e8abe640,0x00000000e9580000)
  to   space 21504K, 0% used [0x00000000e9580000,0x00000000e9580000,0x00000000eaa80000)
 ParOldGen       total 349696K, used 16K [0x00000000a0000000, 0x00000000b5580000, 0x00000000e0000000)
  object space 349696K, 0% used [0x00000000a0000000,0x00000000a0004000,0x00000000b5580000)
 Metaspace       used 12907K, capacity 13306K, committed 13440K, reserved 1060864K
  class space    used 1761K, capacity 1899K, committed 1920K, reserved 1048576K
}
Event: 10.664 GC heap before
{Heap before GC invocations=2 (full 0):
 PSYoungGen      total 153088K, used 106790K [0x00000000e0000000, 0x00000000eaa80000, 0x0000000100000000)
  eden space 131584K, 73% used [0x00000000e0000000,0x00000000e5e0b1f8,0x00000000e8080000)
  from space 21504K, 48% used [0x00000000e8080000,0x00000000e8abe640,0x00000000e9580000)
  to   space 21504K, 0% used [0x00000000e9580000,0x00000000e9580000,0x00000000eaa80000)
 ParOldGen       total 349696K, used 16K [0x00000000a0000000, 0x00000000b5580000, 0x00000000e0000000)
  object space 349696K, 0% used [0x00000000a0000000,0x00000000a0004000,0x00000000b5580000)
 Metaspace       used 20793K, capacity 21250K, committed 21296K, reserved 1067008K
  class space    used 3007K, capacity 3170K, committed 3200K, reserved 1048576K
Event: 10.717 GC heap after
Heap after GC invocations=2 (full 0):
 PSYoungGen      total 153088K, used 15187K [0x00000000e0000000, 0x00000000eaa80000, 0x0000000100000000)
  eden space 131584K, 0% used [0x00000000e0000000,0x00000000e0000000,0x00000000e8080000)
  from space 21504K, 70% used [0x00000000e9580000,0x00000000ea454f48,0x00000000eaa80000)
  to   space 21504K, 0% used [0x00000000e8080000,0x00000000e8080000,0x00000000e9580000)
 ParOldGen       total 349696K, used 24K [0x00000000a0000000, 0x00000000b5580000, 0x00000000e0000000)
  object space 349696K, 0% used [0x00000000a0000000,0x00000000a0006000,0x00000000b5580000)
 Metaspace       used 20793K, capacity 21250K, committed 21296K, reserved 1067008K
  class space    used 3007K, capacity 3170K, committed 3200K, reserved 1048576K
}
Event: 10.717 GC heap before
{Heap before GC invocations=3 (full 1):
 PSYoungGen      total 153088K, used 15187K [0x00000000e0000000, 0x00000000eaa80000, 0x0000000100000000)
  eden space 131584K, 0% used [0x00000000e0000000,0x00000000e0000000,0x00000000e8080000)
  from space 21504K, 70% used [0x00000000e9580000,0x00000000ea454f48,0x00000000eaa80000)
  to   space 21504K, 0% used [0x00000000e8080000,0x00000000e8080000,0x00000000e9580000)
 ParOldGen       total 349696K, used 24K [0x00000000a0000000, 0x00000000b5580000, 0x00000000e0000000)
  object space 349696K, 0% used [0x00000000a0000000,0x00000000a0006000,0x00000000b5580000)
 Metaspace       used 20793K, capacity 21250K, committed 21296K, reserved 1067008K
  class space    used 3007K, capacity 3170K, committed 3200K, reserved 1048576K
Event: 10.766 GC heap after
Heap after GC invocations=3 (full 1):
 PSYoungGen      total 153088K, used 0K [0x00000000e0000000, 0x00000000eaa80000, 0x0000000100000000)
  eden space 131584K, 0% used [0x00000000e0000000,0x00000000e0000000,0x00000000e8080000)
  from space 21504K, 0% used [0x00000000e9580000,0x00000000e9580000,0x00000000eaa80000)
  to   space 21504K, 0% used [0x00000000e8080000,0x00000000e8080000,0x00000000e9580000)
 ParOldGen       total 186880K, used 14594K [0x00000000a0000000, 0x00000000ab680000, 0x00000000e0000000)
  object space 186880K, 7% used [0x00000000a0000000,0x00000000a0e409c8,0x00000000ab680000)
 Metaspace       used 20793K, capacity 21250K, committed 21296K, reserved 1067008K
  class space    used 3007K, capacity 3170K, committed 3200K, reserved 1048576K
}

